2013-07-16 19:44:32,654 INFO: errors [in /Users/michaelherman/Desktop/flask/flasktaskr/__init__.py:24]
2013-07-16 19:45:03,082 INFO: errors [in /Users/michaelherman/Desktop/flask/flasktaskr/__init__.py:24]
2013-07-16 19:45:03,768 INFO: errors [in /Users/michaelherman/Desktop/flask/flasktaskr/__init__.py:24]
2013-07-16 20:10:21,601 INFO: errors [in /Users/michaelherman/Desktop/flask/app/__init__.py:25]
2013-07-16 20:10:24,942 INFO: errors [in /Users/michaelherman/Desktop/flask/app/__init__.py:25]
2013-07-16 20:10:25,190 INFO: errors [in /Users/michaelherman/Desktop/flask/app/__init__.py:25]
2013-07-16 20:11:05,483 INFO: errors [in /Users/michaelherman/Desktop/flask/app/__init__.py:25]
2013-07-16 20:11:07,836 INFO: errors [in /Users/michaelherman/Desktop/flask/app/__init__.py:25]
2013-07-16 20:11:11,425 INFO: errors [in /Users/michaelherman/Desktop/flask/app/__init__.py:25]
2013-07-16 20:11:11,709 INFO: errors [in /Users/michaelherman/Desktop/flask/app/__init__.py:25]
2013-07-16 20:12:05,504 INFO: errors [in /Users/michaelherman/Desktop/flask/app/__init__.py:25]
2013-07-16 20:12:17,657 INFO: errors [in /Users/michaelherman/Desktop/flask/app/__init__.py:25]
2013-07-16 20:12:20,280 INFO: errors [in /Users/michaelherman/Desktop/flask/app/__init__.py:25]
2013-07-16 20:12:20,541 INFO: errors [in /Users/michaelherman/Desktop/flask/app/__init__.py:25]
2013-07-16 20:13:32,809 INFO: errors [in /Users/michaelherman/Desktop/flask/app/__init__.py:25]
2013-07-16 20:26:10,829 INFO: errors [in /Users/michaelherman/Desktop/flask/app/__init__.py:25]
2013-07-16 20:26:37,609 INFO: errors [in /Users/michaelherman/Desktop/flask/app/__init__.py:25]
2013-07-16 20:26:45,997 INFO: errors [in /Users/michaelherman/Desktop/flask/app/__init__.py:25]
2013-07-16 20:29:57,762 INFO: errors [in /Users/michaelherman/Desktop/flask/app/__init__.py:25]
2013-07-16 20:29:58,266 INFO: errors [in /Users/michaelherman/Desktop/flask/app/__init__.py:25]
2013-07-16 20:30:20,993 INFO: errors [in /Users/michaelherman/Desktop/flask/app/__init__.py:25]
2013-07-16 20:42:07,081 INFO: errors [in /Users/michaelherman/Desktop/flask-basic-registration/app/__init__.py:25]
2013-07-16 20:42:07,429 INFO: errors [in /Users/michaelherman/Desktop/flask-basic-registration/app/__init__.py:25]
2013-07-16 20:59:26,641 INFO: errors [in /Users/michaelherman/Desktop/flask-basic-registration/app/__init__.py:25]
2013-07-16 20:59:26,998 INFO: errors [in /Users/michaelherman/Desktop/flask-basic-registration/app/__init__.py:25]
2013-09-16 14:03:21,485 INFO: errors [in /Users/michaelherman/Desktop/flask-basic-registration/app/__init__.py:25]
2013-09-16 14:03:27,860 INFO: errors [in /Users/michaelherman/Desktop/flask-basic-registration/app/__init__.py:25]
2013-09-16 14:03:28,448 INFO: errors [in /Users/michaelherman/Desktop/flask-basic-registration/app/__init__.py:25]
2014-01-24 18:19:46,348 INFO: errors [in /root/flask/src/flask-basic-registration-master/app/__init__.py:25]
2014-01-24 18:19:46,908 INFO: errors [in /root/flask/src/flask-basic-registration-master/app/__init__.py:25]
2014-01-24 18:20:06,278 INFO: errors [in /root/flask/src/flask-basic-registration-master/app/__init__.py:25]
2014-01-24 18:20:06,750 INFO: errors [in /root/flask/src/flask-basic-registration-master/app/__init__.py:25]
2014-01-24 18:25:04,471 INFO: errors [in /root/flask/src/flask-basic-registration-master/app/__init__.py:25]
2014-01-24 18:25:10,027 INFO: errors [in /root/flask/src/flask-basic-registration-master/app/__init__.py:25]
2014-01-24 18:25:10,433 INFO: errors [in /root/flask/src/flask-basic-registration-master/app/__init__.py:25]
2014-01-24 19:09:24,921 INFO: errors [in /root/flask/src/flask-basic-registration-master/app/__init__.py:25]
2014-01-24 19:09:25,822 INFO: errors [in /root/flask/src/flask-basic-registration-master/app/__init__.py:25]
2014-01-24 19:11:15,017 INFO: errors [in /root/flask/src/flask-basic-registration-master/app/__init__.py:25]
2014-01-24 19:12:02,630 INFO: errors [in /root/flask/src/flask-basic-registration-master/app/__init__.py:25]
2014-01-24 19:30:15,806 INFO: errors [in /root/flask/src/flask-basic-registration-master/app/__init__.py:25]
2014-01-24 19:30:16,585 INFO: errors [in /root/flask/src/flask-basic-registration-master/app/__init__.py:25]
2014-01-24 19:30:34,054 INFO: errors [in /root/flask/src/flask-basic-registration-master/app/__init__.py:25]
2014-01-24 19:30:57,511 INFO: errors [in /root/flask/src/flask-basic-registration-master/app/__init__.py:25]
2014-01-24 19:31:22,020 INFO: errors [in /root/flask/src/flask-basic-registration-master/app/__init__.py:25]
2014-01-24 19:33:42,240 INFO: errors [in /root/flask/src/flask-basic-registration-master/app/__init__.py:25]
2014-01-24 19:33:42,710 INFO: errors [in /root/flask/src/flask-basic-registration-master/app/__init__.py:25]
2014-01-24 19:34:22,382 INFO: errors [in /root/flask/src/flask-basic-registration-master/app/__init__.py:25]
2014-02-02 20:49:19,322 INFO: errors [in /root/flask/src/flask-basic-registration-master/app/__init__.py:25]
2014-02-02 20:49:20,303 INFO: errors [in /root/flask/src/flask-basic-registration-master/app/__init__.py:25]
2014-02-02 20:59:52,501 INFO: errors [in /root/flask/src/flask-basic-registration-master/app/__init__.py:25]
2014-02-05 23:33:43,255 INFO: errors [in /root/flask/src/flask-basic-registration-master/app/__init__.py:25]
2014-02-05 23:33:44,637 INFO: errors [in /root/flask/src/flask-basic-registration-master/app/__init__.py:25]
2014-02-07 01:15:43,641 INFO: errors [in /root/flask/src/flask-basic-registration-master/app/__init__.py:25]
2014-02-07 01:15:45,021 INFO: errors [in /root/flask/src/flask-basic-registration-master/app/__init__.py:25]
<<<<<<< HEAD
2014-03-01 11:07:14,291 INFO: errors [in /root/flask/src/beauty-alpha/app/__init__.py:25]
2014-03-01 11:07:14,862 INFO: errors [in /root/flask/src/beauty-alpha/app/__init__.py:25]
2014-03-01 11:18:05,931 INFO: errors [in /root/flask/src/beauty-alpha/app/__init__.py:25]
2014-03-01 11:18:06,441 INFO: errors [in /root/flask/src/beauty-alpha/app/__init__.py:25]
2014-03-01 11:26:33,466 INFO: errors [in /root/flask/src/beauty-alpha/app/__init__.py:25]
2014-03-01 12:04:11,027 INFO: errors [in /root/flask/src/beauty-alpha/app/__init__.py:25]
2014-03-01 12:04:11,845 INFO: errors [in /root/flask/src/beauty-alpha/app/__init__.py:25]
2014-03-02 14:24:53,832 INFO: errors [in /root/flask/src/beauty-alpha/app/__init__.py:25]
2014-03-02 14:24:54,444 INFO: errors [in /root/flask/src/beauty-alpha/app/__init__.py:25]
2014-03-02 14:25:50,658 INFO: errors [in /root/flask/src/beauty-alpha/app/__init__.py:25]
2014-03-02 14:25:56,071 INFO: errors [in /root/flask/src/beauty-alpha/app/__init__.py:25]
2014-03-02 14:26:26,849 INFO: errors [in /root/flask/src/beauty-alpha/app/__init__.py:25]
2014-03-02 14:26:27,305 INFO: errors [in /root/flask/src/beauty-alpha/app/__init__.py:25]
2014-03-02 14:30:21,409 INFO: errors [in /root/flask/src/beauty-alpha/app/__init__.py:25]
2014-03-02 14:30:22,109 INFO: errors [in /root/flask/src/beauty-alpha/app/__init__.py:25]
2014-03-02 17:35:27,324 INFO: errors [in /root/flask/src/beauty-alpha/app/__init__.py:25]
2014-03-02 17:35:27,860 INFO: errors [in /root/flask/src/beauty-alpha/app/__init__.py:25]
2014-03-02 23:49:44,356 INFO: errors [in /root/flask/src/beauty-alpha/app/__init__.py:25]
2014-03-02 23:49:45,272 INFO: errors [in /root/flask/src/beauty-alpha/app/__init__.py:25]
2014-03-03 16:38:33,804 INFO: errors [in /root/flask/src/beauty-alpha/app/__init__.py:25]
2014-03-03 16:38:34,837 INFO: errors [in /root/flask/src/beauty-alpha/app/__init__.py:25]
2014-03-03 17:05:08,539 INFO: errors [in /root/flask/src/beauty-alpha/app/__init__.py:25]
2014-03-03 17:05:09,388 INFO: errors [in /root/flask/src/beauty-alpha/app/__init__.py:25]
=======
2014-03-03 23:05:16,903 INFO: errors [in D:\python_workspace\beauty\beauty-in-arsdale\app\__init__.py:25]
2014-03-03 23:05:56,727 INFO: errors [in D:\python_workspace\beauty\beauty-in-arsdale\app\__init__.py:25]
2014-03-03 23:05:56,727 INFO: errors [in D:/python_workspace/beauty/beauty-in-arsdale/app/__init__.py:25]
2014-03-03 23:07:13,236 INFO: errors [in D:\python_workspace\beauty\beauty-in-arsdale\app\__init__.py:25]
2014-03-03 23:07:13,509 INFO: errors [in D:\python_workspace\beauty\beauty-in-arsdale\app\__init__.py:25]
<<<<<<< HEAD
>>>>>>> e06082807d045bfd4a16d0fa7b11b2e189650ad3
2014-03-04 01:22:25,838 INFO: errors [in /root/flask/src/beauty-alpha/app/__init__.py:25]
2014-03-04 01:22:26,257 INFO: errors [in /root/flask/src/beauty-alpha/app/__init__.py:25]
2014-03-04 01:23:46,597 INFO: errors [in /root/flask/src/beauty-alpha/app/__init__.py:25]
2014-03-04 01:23:46,989 INFO: errors [in /root/flask/src/beauty-alpha/app/__init__.py:25]
=======
2014-03-06 00:28:03,463 INFO: errors [in D:\python_workspace\beauty\beauty-in-arsdale\app\__init__.py:25]
2014-03-06 00:28:04,140 INFO: errors [in D:\python_workspace\beauty\beauty-in-arsdale\app\__init__.py:25]
2014-03-06 00:38:03,448 INFO: errors [in D:\python_workspace\beauty\beauty-in-arsdale\app\__init__.py:25]
2014-03-06 20:06:15,811 INFO: errors [in D:\python_workspace\beauty\beauty-in-arsdale\app\__init__.py:25]
2014-03-06 20:06:16,342 INFO: errors [in D:\python_workspace\beauty\beauty-in-arsdale\app\__init__.py:25]
2014-03-06 23:38:01,971 INFO: errors [in D:\python_workspace\beauty\beauty-in-arsdale\app\__init__.py:25]
2014-03-07 22:40:02,582 INFO: errors [in D:\python_workspace\beauty\beauty-in-arsdale\app\__init__.py:25]
<<<<<<< HEAD
>>>>>>> d9b58e640dd6c20fae30d61ff9247299eab17576
2014-03-08 00:29:35,296 INFO: errors [in /root/flask/src/beauty-alpha/app/__init__.py:25]
=======
2014-03-08 11:52:41,895 INFO: errors [in D:\python_workspace\beauty\beauty-in-arsdale\app\__init__.py:25]
2014-03-08 11:52:42,463 INFO: errors [in D:\python_workspace\beauty\beauty-in-arsdale\app\__init__.py:25]
<<<<<<< HEAD
2014-03-10 19:36:54,762 INFO: errors [in D:\python_workspace\beauty\beauty-in-arsdale\app\__init__.py:25]
2014-03-10 19:36:55,305 INFO: errors [in D:\python_workspace\beauty\beauty-in-arsdale\app\__init__.py:25]
2014-03-10 19:57:35,049 INFO: errors [in D:\python_workspace\beauty\beauty-in-arsdale\app\__init__.py:25]
2014-03-10 20:10:08,490 INFO: errors [in D:\python_workspace\beauty\beauty-in-arsdale\app\__init__.py:25]
=======
>>>>>>> 7daa8e48950e16555995f1cd340f2819e123f998
2014-03-09 15:15:04,851 INFO: errors [in /root/flask/src/beauty-alpha/app/__init__.py:25]
2014-03-10 19:11:58,223 INFO: errors [in /root/flask/src/beauty-alpha/app/__init__.py:25]
2014-03-10 19:17:01,026 INFO: errors [in /root/flask/src/beauty-alpha/app/__init__.py:25]
2014-03-10 19:17:01,595 INFO: errors [in /root/flask/src/beauty-alpha/app/__init__.py:25]
2014-03-10 19:17:11,004 INFO: errors [in /root/flask/src/beauty-alpha/app/__init__.py:25]
2014-03-10 19:17:23,344 INFO: errors [in /root/flask/src/beauty-alpha/app/__init__.py:25]
2014-03-10 19:18:02,853 INFO: errors [in /root/flask/src/beauty-alpha/app/__init__.py:25]
2014-03-10 19:24:11,979 INFO: errors [in /root/flask/src/beauty-alpha/app/__init__.py:25]
2014-03-10 19:24:47,424 INFO: errors [in /root/flask/src/beauty-alpha/app/__init__.py:25]
2014-03-10 19:26:14,215 INFO: errors [in /root/flask/src/beauty-alpha/app/__init__.py:25]
2014-03-10 19:47:33,489 INFO: errors [in /root/flask/src/beauty-alpha/app/__init__.py:25]
2014-03-10 19:47:33,973 INFO: errors [in /root/flask/src/beauty-alpha/app/__init__.py:25]
2014-03-10 19:48:05,488 INFO: errors [in /root/flask/src/beauty-alpha/app/__init__.py:25]
2014-03-10 19:49:13,142 INFO: errors [in /root/flask/src/beauty-alpha/app/__init__.py:25]
2014-03-10 19:54:01,933 INFO: errors [in /root/flask/src/beauty-alpha/app/__init__.py:25]
2014-03-10 19:57:29,276 INFO: errors [in /root/flask/src/beauty-alpha/app/__init__.py:25]
2014-03-10 20:07:17,089 INFO: errors [in /root/flask/src/beauty-alpha/app/__init__.py:25]
2014-03-10 20:08:20,188 INFO: errors [in /root/flask/src/beauty-alpha/app/__init__.py:25]
2014-03-10 20:11:00,706 INFO: errors [in /root/flask/src/beauty-alpha/app/__init__.py:25]
2014-03-10 20:11:59,558 INFO: errors [in /root/flask/src/beauty-alpha/app/__init__.py:25]
2014-03-10 20:12:09,232 INFO: errors [in /root/flask/src/beauty-alpha/app/__init__.py:25]
2014-03-10 20:12:09,684 INFO: errors [in /root/flask/src/beauty-alpha/app/__init__.py:25]
2014-03-10 20:16:35,473 INFO: errors [in /root/flask/src/beauty-alpha/app/__init__.py:25]
>>>>>>> 44fef19f0c3437489b928388bdecbacb19a00d13
2014-03-10 21:14:26,102 INFO: errors [in D:\python_workspace\beauty\beauty-in-arsdale\app\__init__.py:25]
2014-03-10 21:14:26,357 INFO: errors [in D:\python_workspace\beauty\beauty-in-arsdale\app\__init__.py:25]
2014-03-10 22:02:13,963 INFO: errors [in D:\python_workspace\beauty\beauty-in-arsdale\app\__init__.py:25]
2014-03-13 10:22:49,161 INFO: errors [in D:\python_workspace\beauty\beauty-in-arsdale\app\__init__.py:25]
2014-03-13 10:22:50,088 INFO: errors [in D:\python_workspace\beauty\beauty-in-arsdale\app\__init__.py:25]
2014-03-13 13:04:34,983 INFO: errors [in D:\python_workspace\beauty\beauty-in-arsdale\app\__init__.py:25]
<<<<<<< HEAD
2014-03-13 14:28:08,436 INFO: errors [in /root/flask/src/beauty-alpha/app/__init__.py:25]
2014-03-13 14:28:08,947 INFO: errors [in /root/flask/src/beauty-alpha/app/__init__.py:25]
2014-03-13 15:01:48,048 INFO: errors [in /root/flask/src/beauty-alpha/app/__init__.py:25]
2014-03-13 15:02:14,489 INFO: errors [in /root/flask/src/beauty-alpha/app/__init__.py:25]
2014-03-13 15:03:03,102 INFO: errors [in /root/flask/src/beauty-alpha/app/__init__.py:25]
2014-03-13 20:03:54,775 INFO: errors [in /root/flask/src/beauty-alpha/app/__init__.py:25]
2014-03-13 20:03:55,188 INFO: errors [in /root/flask/src/beauty-alpha/app/__init__.py:25]
2014-03-15 01:17:46,262 INFO: errors [in /root/flask/src/beauty-alpha/app/__init__.py:25]
2014-03-15 01:17:47,176 INFO: errors [in /root/flask/src/beauty-alpha/app/__init__.py:25]
2014-03-15 01:19:14,097 INFO: errors [in /root/flask/src/beauty-alpha/app/__init__.py:25]
2014-03-15 01:20:04,638 INFO: errors [in /root/flask/src/beauty-alpha/app/__init__.py:25]
2014-03-15 01:21:31,394 INFO: errors [in /root/flask/src/beauty-alpha/app/__init__.py:25]
2014-03-15 01:24:19,726 INFO: errors [in /root/flask/src/beauty-alpha/app/__init__.py:25]
=======
2014-03-15 10:18:38,582 INFO: errors [in D:\python_workspace\beauty\beauty-in-arsdale\app\__init__.py:25]
2014-03-15 10:18:39,227 INFO: errors [in D:\python_workspace\beauty\beauty-in-arsdale\app\__init__.py:25]
>>>>>>> e69312e4f5280415cfc51d8dad921f5d903b553d
2014-03-15 12:39:36,498 INFO: errors [in /root/flask/src/beauty-alpha/app/__init__.py:25]
2014-03-15 12:39:37,275 INFO: errors [in /root/flask/src/beauty-alpha/app/__init__.py:25]
2014-03-16 18:27:04,409 INFO: errors [in /root/flask/src/beauty-alpha/app/__init__.py:25]
2014-03-16 18:27:05,489 INFO: errors [in /root/flask/src/beauty-alpha/app/__init__.py:25]
2014-03-17 18:28:37,988 INFO: errors [in /root/flask/src/beauty-alpha/app/__init__.py:25]
2014-03-17 18:28:39,071 INFO: errors [in /root/flask/src/beauty-alpha/app/__init__.py:25]
<<<<<<< HEAD
2014-03-18 17:55:56,763 INFO: errors [in /root/flask/src/beauty-alpha/app/__init__.py:25]
2014-03-18 17:55:58,156 INFO: errors [in /root/flask/src/beauty-alpha/app/__init__.py:25]
2014-03-20 02:32:23,364 INFO: errors [in /root/flask/src/beauty-alpha/app/__init__.py:25]
2014-03-20 02:34:08,582 INFO: errors [in /root/flask/src/beauty-alpha/app/__init__.py:25]
2014-03-20 02:36:37,212 INFO: errors [in /root/flask/src/beauty-alpha/app/__init__.py:25]
2014-03-20 02:40:43,883 INFO: errors [in /root/flask/src/beauty-alpha/app/__init__.py:25]
2014-03-20 02:41:09,539 INFO: errors [in /root/flask/src/beauty-alpha/app/__init__.py:25]
2014-03-20 02:42:35,291 INFO: errors [in /root/flask/src/beauty-alpha/app/__init__.py:25]
2014-03-20 02:42:53,548 INFO: errors [in /root/flask/src/beauty-alpha/app/__init__.py:25]
2014-03-20 11:44:12,509 INFO: errors [in /root/flask/src/beauty-alpha/app/__init__.py:25]
2014-03-20 13:28:07,929 INFO: errors [in /root/flask/src/beauty-alpha/app/__init__.py:25]
2014-03-20 13:28:13,049 INFO: errors [in /root/flask/src/beauty-alpha/app/__init__.py:25]
2014-03-20 13:41:59,579 INFO: errors [in /root/flask/src/beauty-alpha/app/__init__.py:25]
2014-03-20 13:46:14,791 INFO: errors [in /root/flask/src/beauty-alpha/app/__init__.py:25]
2014-03-20 13:49:15,504 INFO: errors [in app/__init__.py:25]
2014-03-20 13:57:05,514 INFO: errors [in /root/flask/src/beauty-alpha/app/__init__.py:25]
2014-03-20 13:57:27,165 INFO: errors [in /root/flask/src/beauty-alpha/app/__init__.py:25]
2014-03-20 13:58:05,338 INFO: errors [in /root/flask/src/beauty-alpha/app/__init__.py:25]
2014-03-20 13:58:48,706 INFO: errors [in /root/flask/src/beauty-alpha/app/__init__.py:25]
2014-03-20 14:04:46,780 INFO: errors [in /root/flask/src/beauty-alpha/app/__init__.py:25]
2014-03-20 14:12:06,296 INFO: errors [in /root/flask/src/beauty-alpha/app/__init__.py:25]
2014-03-20 14:12:41,972 INFO: errors [in /root/flask/src/beauty-alpha/app/__init__.py:25]
=======
2014-03-17 18:55:11,055 INFO: errors [in D:\python_workspace\beauty-alpha\beauty-in-arsdale\app\__init__.py:25]
2014-03-17 18:55:11,614 INFO: errors [in D:\python_workspace\beauty-alpha\beauty-in-arsdale\app\__init__.py:25]
2014-03-17 19:16:55,107 INFO: errors [in D:\python_workspace\beauty-alpha\beauty-in-arsdale\app\__init__.py:25]
2014-03-17 19:16:55,368 INFO: errors [in D:\python_workspace\beauty-alpha\beauty-in-arsdale\app\__init__.py:25]
2014-03-17 19:44:51,523 INFO: errors [in D:\python_workspace\beauty-alpha\beauty-in-arsdale\app\__init__.py:25]
2014-03-17 19:47:17,384 INFO: errors [in D:\python_workspace\beauty-alpha\beauty-in-arsdale\app\__init__.py:25]
2014-03-17 19:49:13,595 INFO: errors [in D:\python_workspace\beauty-alpha\beauty-in-arsdale\app\__init__.py:25]
2014-03-17 20:05:32,729 INFO: errors [in D:\python_workspace\beauty-alpha\beauty-in-arsdale\app\__init__.py:25]
2014-03-17 20:17:51,052 INFO: errors [in D:\python_workspace\beauty-alpha\beauty-in-arsdale\app\__init__.py:25]
2014-03-17 21:49:44,936 INFO: errors [in D:\python_workspace\beauty-alpha\beauty-in-arsdale\app\__init__.py:25]
2014-03-17 21:49:45,230 INFO: errors [in D:\python_workspace\beauty-alpha\beauty-in-arsdale\app\__init__.py:25]
2014-03-20 11:23:10,678 INFO: errors [in D:\python_workspace\beauty-alpha\beauty-in-arsdale\app\__init__.py:25]
2014-03-20 11:23:11,217 INFO: errors [in D:\python_workspace\beauty-alpha\beauty-in-arsdale\app\__init__.py:25]
2014-03-20 14:36:28,417 INFO: errors [in D:\python_workspace\beauty-alpha\beauty-in-arsdale\app\__init__.py:25]
2014-03-20 14:45:31,588 INFO: errors [in D:\python_workspace\beauty-alpha\beauty-in-arsdale\app\__init__.py:25]
2014-03-20 14:51:40,433 INFO: errors [in D:\python_workspace\beauty-alpha\beauty-in-arsdale\app\__init__.py:25]
2014-03-20 15:07:54,444 INFO: errors [in D:\python_workspace\beauty-alpha\beauty-in-arsdale\app\__init__.py:25]
2014-03-20 15:08:18,730 INFO: errors [in D:\python_workspace\beauty-alpha\beauty-in-arsdale\app\__init__.py:25]
2014-03-20 15:51:10,561 INFO: errors [in D:\python_workspace\beauty-alpha\beauty-in-arsdale\app\__init__.py:25]
2014-03-20 15:51:28,509 INFO: errors [in D:\python_workspace\beauty-alpha\beauty-in-arsdale\app\__init__.py:25]
2014-03-20 15:56:21,230 INFO: errors [in D:\python_workspace\beauty-alpha\beauty-in-arsdale\app\__init__.py:25]
<<<<<<< HEAD
>>>>>>> 66851bf6bf0fb59a0f118a89743929c8716a275f
2014-03-20 16:46:06,444 INFO: errors [in /root/flask/src/beauty-alpha/app/__init__.py:25]
2014-03-20 16:46:07,394 INFO: errors [in /root/flask/src/beauty-alpha/app/__init__.py:25]
2014-03-20 19:42:50,866 INFO: errors [in /root/flask/src/beauty-alpha/app/__init__.py:25]
2014-03-22 14:10:32,967 INFO: errors [in /root/flask/src/beauty-alpha/app/__init__.py:25]
2014-03-22 14:10:33,968 INFO: errors [in /root/flask/src/beauty-alpha/app/__init__.py:25]
=======
2014-03-22 11:20:35,252 INFO: errors [in D:\python_workspace\beauty-alpha\beauty-in-arsdale\app\__init__.py:25]
2014-03-22 11:20:35,819 INFO: errors [in D:\python_workspace\beauty-alpha\beauty-in-arsdale\app\__init__.py:25]
2014-03-22 12:48:52,753 INFO: errors [in D:\python_workspace\beauty-alpha\beauty-in-arsdale\app\__init__.py:25]
2014-03-22 13:10:18,226 INFO: errors [in D:\python_workspace\beauty-alpha\beauty-in-arsdale\app\__init__.py:25]
2014-03-22 13:23:29,207 INFO: errors [in D:\python_workspace\beauty-alpha\beauty-in-arsdale\app\__init__.py:25]
2014-03-22 13:46:15,028 INFO: errors [in D:\python_workspace\beauty-alpha\beauty-in-arsdale\app\__init__.py:25]
>>>>>>> caf206b0d8d70e6013f45c85295454ac289ef478
2014-03-22 14:12:42,524 INFO: errors [in /root/flask/src/beauty-alpha/app/__init__.py:25]
2014-03-22 14:13:27,107 INFO: errors [in /root/flask/src/beauty-alpha/app/__init__.py:25]
2014-03-24 20:22:08,723 INFO: errors [in /root/flask/src/beauty/beauty-in-arsdale/app/__init__.py:25]
2014-03-24 20:22:09,500 INFO: errors [in /root/flask/src/beauty/beauty-in-arsdale/app/__init__.py:25]
2014-03-24 20:25:17,132 INFO: errors [in /root/flask/src/beauty/beauty-in-arsdale/app/__init__.py:25]
2014-03-24 20:25:31,419 INFO: errors [in /root/flask/src/beauty/beauty-in-arsdale/app/__init__.py:25]
2014-03-24 20:25:32,394 INFO: errors [in /root/flask/src/beauty/beauty-in-arsdale/app/__init__.py:25]
2014-03-24 20:25:54,153 INFO: errors [in /root/flask/src/beauty/beauty-in-arsdale/app/__init__.py:25]
2014-03-24 20:26:21,707 INFO: errors [in /root/flask/src/beauty/beauty-in-arsdale/app/__init__.py:25]
2014-03-24 20:27:05,350 INFO: errors [in /root/flask/src/beauty/beauty-in-arsdale/app/__init__.py:25]
2014-03-24 20:28:46,176 INFO: errors [in /root/flask/src/beauty/beauty-in-arsdale/app/__init__.py:25]
2014-03-24 20:29:13,642 INFO: errors [in /root/flask/src/beauty/beauty-in-arsdale/app/__init__.py:25]
2014-03-24 20:29:23,002 INFO: errors [in /root/flask/src/beauty/beauty-in-arsdale/app/__init__.py:25]
2014-03-24 20:29:40,517 INFO: errors [in /root/flask/src/beauty/beauty-in-arsdale/app/__init__.py:25]
2014-03-24 20:29:46,933 INFO: errors [in /root/flask/src/beauty/beauty-in-arsdale/app/__init__.py:25]
2014-03-24 20:30:38,523 INFO: errors [in /root/flask/src/beauty/beauty-in-arsdale/app/__init__.py:25]
2014-03-24 20:30:43,903 INFO: errors [in /root/flask/src/beauty/beauty-in-arsdale/app/__init__.py:25]
2014-03-24 20:30:55,259 INFO: errors [in /root/flask/src/beauty/beauty-in-arsdale/app/__init__.py:25]
2014-03-24 20:31:07,623 INFO: errors [in /root/flask/src/beauty/beauty-in-arsdale/app/__init__.py:25]
2014-03-24 20:31:09,938 INFO: errors [in /root/flask/src/beauty/beauty-in-arsdale/app/__init__.py:25]
2014-03-24 22:49:58,399 INFO: errors [in /root/flask/src/beauty/beauty-in-arsdale/app/__init__.py:25]
2014-03-24 22:49:59,326 INFO: errors [in /root/flask/src/beauty/beauty-in-arsdale/app/__init__.py:25]
2014-03-24 22:50:44,111 INFO: errors [in /root/flask/src/beauty/beauty-in-arsdale/app/__init__.py:25]
2014-03-24 22:50:45,443 INFO: errors [in /root/flask/src/beauty/beauty-in-arsdale/app/__init__.py:25]
2014-03-24 22:50:46,927 INFO: errors [in /root/flask/src/beauty/beauty-in-arsdale/app/__init__.py:25]
2014-03-27 02:24:59,622 INFO: errors [in /root/flask/src/beauty/beauty-in-arsdale/app/__init__.py:25]
2014-03-27 10:48:33,936 INFO: errors [in /root/flask/src/beauty/beauty-in-arsdale/app/__init__.py:25]
2014-03-27 10:50:53,892 INFO: errors [in /root/flask/src/beauty/beauty-in-arsdale/app/__init__.py:25]
2014-03-27 10:51:05,821 INFO: errors [in /root/flask/src/beauty/beauty-in-arsdale/app/__init__.py:25]
2014-03-27 10:57:47,415 INFO: errors [in /root/flask/src/beauty/beauty-in-arsdale/app/__init__.py:25]
2014-03-27 15:46:09,426 INFO: errors [in /root/flask/src/beauty/beauty-in-arsdale/app/__init__.py:25]
2014-03-27 15:46:10,242 INFO: errors [in /root/flask/src/beauty/beauty-in-arsdale/app/__init__.py:25]
2014-03-29 08:17:15,658 INFO: errors [in /root/flask/src/beauty/beauty-in-arsdale/app/__init__.py:25]
2014-03-29 08:17:17,347 INFO: errors [in /root/flask/src/beauty/beauty-in-arsdale/app/__init__.py:25]
2014-03-29 08:18:58,700 INFO: errors [in /root/flask/src/beauty/beauty-in-arsdale/app/__init__.py:25]
2014-03-29 08:19:09,228 INFO: errors [in /root/flask/src/beauty/beauty-in-arsdale/app/__init__.py:25]
2014-03-29 08:19:22,759 INFO: errors [in /root/flask/src/beauty/beauty-in-arsdale/app/__init__.py:25]
2014-03-29 08:19:26,181 INFO: errors [in /root/flask/src/beauty/beauty-in-arsdale/app/__init__.py:25]
2014-03-29 08:20:19,887 INFO: errors [in /root/flask/src/beauty/beauty-in-arsdale/app/__init__.py:25]
2014-03-29 10:34:45,248 INFO: errors [in /root/flask/src/beauty/beauty-in-arsdale/app/__init__.py:25]
2014-03-29 10:34:46,147 INFO: errors [in /root/flask/src/beauty/beauty-in-arsdale/app/__init__.py:25]
2014-03-29 10:36:32,413 INFO: errors [in /root/flask/src/beauty/beauty-in-arsdale/app/__init__.py:25]
2014-03-29 10:36:32,865 INFO: errors [in /root/flask/src/beauty/beauty-in-arsdale/app/__init__.py:25]
<<<<<<< HEAD
2014-03-29 11:14:06,648 INFO: errors [in /root/flask/src/beauty/beauty-in-arsdale/app/__init__.py:25]
2014-03-29 11:14:17,628 INFO: errors [in /root/flask/src/beauty/beauty-in-arsdale/app/__init__.py:25]
2014-03-29 11:15:57,329 INFO: errors [in /root/flask/src/beauty/beauty-in-arsdale/app/__init__.py:25]
2014-03-29 11:16:02,042 INFO: errors [in /root/flask/src/beauty/beauty-in-arsdale/app/__init__.py:25]
2014-03-29 11:16:04,220 INFO: errors [in /root/flask/src/beauty/beauty-in-arsdale/app/__init__.py:25]
2014-03-29 11:16:06,139 INFO: errors [in /root/flask/src/beauty/beauty-in-arsdale/app/__init__.py:25]
2014-03-29 11:16:39,489 INFO: errors [in /root/flask/src/beauty/beauty-in-arsdale/app/__init__.py:25]
2014-03-29 11:21:25,818 INFO: errors [in /root/flask/src/beauty/beauty-in-arsdale/app/__init__.py:25]
2014-03-29 11:21:27,056 INFO: errors [in /root/flask/src/beauty/beauty-in-arsdale/app/__init__.py:25]
2014-03-29 11:27:49,998 INFO: errors [in /root/flask/src/beauty/beauty-in-arsdale/app/__init__.py:25]
2014-03-29 11:27:51,119 INFO: errors [in /root/flask/src/beauty/beauty-in-arsdale/app/__init__.py:25]
2014-03-29 11:28:21,831 INFO: errors [in /root/flask/src/beauty/beauty-in-arsdale/app/__init__.py:25]
2014-03-29 11:28:27,230 INFO: errors [in /root/flask/src/beauty/beauty-in-arsdale/app/__init__.py:25]
2014-03-29 11:30:29,360 INFO: errors [in /root/flask/src/beauty/beauty-in-arsdale/app/__init__.py:25]
2014-03-29 11:42:48,677 INFO: errors [in /root/flask/src/beauty/beauty-in-arsdale/app/__init__.py:25]
2014-03-29 11:42:49,525 INFO: errors [in /root/flask/src/beauty/beauty-in-arsdale/app/__init__.py:25]
2014-03-29 11:43:24,675 INFO: errors [in /root/flask/src/beauty/beauty-in-arsdale/app/__init__.py:25]
2014-03-29 11:44:13,677 INFO: errors [in /root/flask/src/beauty/beauty-in-arsdale/app/__init__.py:25]
2014-03-29 11:44:44,238 INFO: errors [in /root/flask/src/beauty/beauty-in-arsdale/app/__init__.py:25]
2014-03-29 11:45:08,576 INFO: errors [in /root/flask/src/beauty/beauty-in-arsdale/app/__init__.py:25]
2014-03-29 11:48:54,259 INFO: errors [in /root/flask/src/beauty/beauty-in-arsdale/app/__init__.py:32]
2014-03-29 11:50:37,552 INFO: errors [in /root/flask/src/beauty/beauty-in-arsdale/app/__init__.py:32]
2014-03-29 11:51:11,078 INFO: errors [in /root/flask/src/beauty/beauty-in-arsdale/app/__init__.py:32]
2014-03-29 11:51:58,409 INFO: errors [in /root/flask/src/beauty/beauty-in-arsdale/app/__init__.py:32]
2014-03-29 11:55:34,886 INFO: errors [in /root/flask/src/beauty/beauty-in-arsdale/app/__init__.py:32]
2014-03-29 11:55:36,570 INFO: errors [in /root/flask/src/beauty/beauty-in-arsdale/app/__init__.py:32]
2014-03-29 11:55:50,093 INFO: errors [in /root/flask/src/beauty/beauty-in-arsdale/app/__init__.py:32]
2014-03-29 11:55:58,127 INFO: errors [in /root/flask/src/beauty/beauty-in-arsdale/app/__init__.py:32]
2014-03-29 11:56:04,126 INFO: errors [in /root/flask/src/beauty/beauty-in-arsdale/app/__init__.py:32]
2014-03-29 11:56:08,842 INFO: errors [in /root/flask/src/beauty/beauty-in-arsdale/app/__init__.py:32]
2014-03-29 11:56:17,408 INFO: errors [in /root/flask/src/beauty/beauty-in-arsdale/app/__init__.py:32]
2014-03-29 11:56:19,248 INFO: errors [in /root/flask/src/beauty/beauty-in-arsdale/app/__init__.py:32]
2014-03-29 12:00:19,078 INFO: errors [in /root/flask/src/beauty/beauty-in-arsdale/app/__init__.py:32]
2014-03-29 12:03:28,301 INFO: errors [in /root/flask/src/beauty/beauty-in-arsdale/app/__init__.py:32]
2014-03-29 12:03:29,828 INFO: errors [in /root/flask/src/beauty/beauty-in-arsdale/app/__init__.py:32]
2014-03-29 12:04:19,358 INFO: errors [in /root/flask/src/beauty/beauty-in-arsdale/app/__init__.py:32]
2014-03-29 12:04:20,603 INFO: errors [in /root/flask/src/beauty/beauty-in-arsdale/app/__init__.py:32]
2014-03-29 12:04:40,359 INFO: errors [in /root/flask/src/beauty/beauty-in-arsdale/app/__init__.py:32]
2014-03-29 12:04:52,352 INFO: errors [in /root/flask/src/beauty/beauty-in-arsdale/app/__init__.py:32]
2014-03-29 12:05:50,563 INFO: errors [in /root/flask/src/beauty/beauty-in-arsdale/app/__init__.py:32]
2014-03-29 12:06:25,353 INFO: errors [in /root/flask/src/beauty/beauty-in-arsdale/app/__init__.py:32]
2014-03-29 12:06:41,070 INFO: errors [in /root/flask/src/beauty/beauty-in-arsdale/app/__init__.py:32]
2014-03-29 12:09:07,663 INFO: errors [in /root/flask/src/beauty/beauty-in-arsdale/app/__init__.py:32]
2014-03-29 12:09:20,445 INFO: errors [in /root/flask/src/beauty/beauty-in-arsdale/app/__init__.py:32]
2014-03-29 12:09:32,385 INFO: errors [in /root/flask/src/beauty/beauty-in-arsdale/app/__init__.py:32]
2014-03-29 12:09:41,208 INFO: errors [in /root/flask/src/beauty/beauty-in-arsdale/app/__init__.py:32]
2014-03-29 12:10:49,727 INFO: errors [in /root/flask/src/beauty/beauty-in-arsdale/app/__init__.py:32]
2014-03-29 12:10:51,307 INFO: errors [in /root/flask/src/beauty/beauty-in-arsdale/app/__init__.py:32]
2014-03-29 12:11:06,044 INFO: errors [in /root/flask/src/beauty/beauty-in-arsdale/app/__init__.py:32]
2014-03-29 12:11:20,663 INFO: errors [in /root/flask/src/beauty/beauty-in-arsdale/app/__init__.py:32]
2014-03-29 12:12:28,105 INFO: errors [in /root/flask/src/beauty/beauty-in-arsdale/app/__init__.py:32]
2014-03-29 12:12:45,942 INFO: errors [in /root/flask/src/beauty/beauty-in-arsdale/app/__init__.py:32]
2014-03-29 12:13:03,573 INFO: errors [in /root/flask/src/beauty/beauty-in-arsdale/app/__init__.py:32]
2014-03-29 12:15:13,182 INFO: errors [in /root/flask/src/beauty/beauty-in-arsdale/app/__init__.py:32]
2014-03-29 12:15:55,353 INFO: errors [in /root/flask/src/beauty/beauty-in-arsdale/app/__init__.py:32]
2014-03-29 12:16:19,344 INFO: errors [in /root/flask/src/beauty/beauty-in-arsdale/app/__init__.py:32]
2014-03-29 12:16:33,040 INFO: errors [in /root/flask/src/beauty/beauty-in-arsdale/app/__init__.py:32]
2014-03-29 12:31:00,407 INFO: errors [in /root/flask/src/beauty/beauty-in-arsdale/app/__init__.py:32]
2014-03-29 12:31:32,241 INFO: errors [in /root/flask/src/beauty/beauty-in-arsdale/app/__init__.py:32]
2014-03-29 12:31:48,987 INFO: errors [in /root/flask/src/beauty/beauty-in-arsdale/app/__init__.py:32]
2014-03-29 12:34:09,660 INFO: errors [in /root/flask/src/beauty/beauty-in-arsdale/app/__init__.py:32]
2014-03-29 12:34:31,277 INFO: errors [in /root/flask/src/beauty/beauty-in-arsdale/app/__init__.py:32]
2014-03-29 12:34:45,924 INFO: errors [in /root/flask/src/beauty/beauty-in-arsdale/app/__init__.py:32]
2014-03-29 12:35:05,511 INFO: errors [in /root/flask/src/beauty/beauty-in-arsdale/app/__init__.py:32]
2014-03-29 12:36:18,409 INFO: errors [in /root/flask/src/beauty/beauty-in-arsdale/app/__init__.py:32]
2014-03-29 12:36:38,029 INFO: errors [in /root/flask/src/beauty/beauty-in-arsdale/app/__init__.py:32]
2014-03-29 12:39:52,308 INFO: errors [in /root/flask/src/beauty/beauty-in-arsdale/app/__init__.py:32]
2014-03-29 12:40:19,964 INFO: errors [in /root/flask/src/beauty/beauty-in-arsdale/app/__init__.py:32]
2014-03-29 12:40:27,462 INFO: errors [in /root/flask/src/beauty/beauty-in-arsdale/app/__init__.py:32]
2014-03-29 12:41:56,635 INFO: errors [in /root/flask/src/beauty/beauty-in-arsdale/app/__init__.py:32]
2014-03-29 12:43:14,724 INFO: errors [in /root/flask/src/beauty/beauty-in-arsdale/app/__init__.py:32]
2014-03-29 12:43:36,286 INFO: errors [in /root/flask/src/beauty/beauty-in-arsdale/app/__init__.py:32]
2014-03-29 12:43:38,771 INFO: errors [in /root/flask/src/beauty/beauty-in-arsdale/app/__init__.py:32]
2014-03-29 12:44:29,598 INFO: errors [in /root/flask/src/beauty/beauty-in-arsdale/app/__init__.py:32]
2014-03-29 12:44:43,271 INFO: errors [in /root/flask/src/beauty/beauty-in-arsdale/app/__init__.py:32]
2014-03-29 12:45:07,942 INFO: errors [in /root/flask/src/beauty/beauty-in-arsdale/app/__init__.py:32]
2014-03-29 12:45:36,673 INFO: errors [in /root/flask/src/beauty/beauty-in-arsdale/app/__init__.py:32]
2014-03-29 12:47:47,279 INFO: errors [in /root/flask/src/beauty/beauty-in-arsdale/app/__init__.py:32]
2014-03-29 12:47:57,819 INFO: errors [in /root/flask/src/beauty/beauty-in-arsdale/app/__init__.py:32]
2014-03-29 12:48:40,571 INFO: errors [in /root/flask/src/beauty/beauty-in-arsdale/app/__init__.py:32]
2014-03-29 12:49:26,332 INFO: errors [in /root/flask/src/beauty/beauty-in-arsdale/app/__init__.py:32]
2014-03-29 12:50:00,008 INFO: errors [in /root/flask/src/beauty/beauty-in-arsdale/app/__init__.py:32]
2014-03-29 12:50:12,538 INFO: errors [in /root/flask/src/beauty/beauty-in-arsdale/app/__init__.py:32]
2014-03-29 12:51:25,542 INFO: errors [in /root/flask/src/beauty/beauty-in-arsdale/app/__init__.py:32]
2014-03-29 12:51:39,168 INFO: errors [in /root/flask/src/beauty/beauty-in-arsdale/app/__init__.py:32]
2014-03-29 12:51:49,685 INFO: errors [in /root/flask/src/beauty/beauty-in-arsdale/app/__init__.py:32]
2014-03-29 12:51:58,215 INFO: errors [in /root/flask/src/beauty/beauty-in-arsdale/app/__init__.py:32]
2014-03-29 12:52:18,943 INFO: errors [in /root/flask/src/beauty/beauty-in-arsdale/app/__init__.py:32]
2014-03-29 12:52:58,719 INFO: errors [in /root/flask/src/beauty/beauty-in-arsdale/app/__init__.py:32]
2014-03-29 12:56:12,646 INFO: errors [in /root/flask/src/beauty/beauty-in-arsdale/app/__init__.py:32]
2014-03-29 12:56:25,345 INFO: errors [in /root/flask/src/beauty/beauty-in-arsdale/app/__init__.py:32]
2014-03-29 12:56:52,117 INFO: errors [in /root/flask/src/beauty/beauty-in-arsdale/app/__init__.py:32]
2014-03-29 12:57:20,949 INFO: errors [in /root/flask/src/beauty/beauty-in-arsdale/app/__init__.py:32]
=======
2014-03-29 11:19:50,371 INFO: errors [in D:\python_workspace\beauty\beauty-in-arsdale\app\__init__.py:25]
2014-03-29 11:19:51,035 INFO: errors [in D:\python_workspace\beauty\beauty-in-arsdale\app\__init__.py:25]
>>>>>>> cc596c4a83b8e48457b9334504497df02b7e8fc1
2014-03-29 12:58:25,992 INFO: errors [in /root/flask/src/beauty/beauty-in-arsdale/app/__init__.py:32]
2014-03-29 12:59:46,964 INFO: errors [in /root/flask/src/beauty/beauty-in-arsdale/app/__init__.py:32]
2014-03-29 13:00:21,579 INFO: errors [in /root/flask/src/beauty/beauty-in-arsdale/app/__init__.py:32]
2014-03-29 13:00:40,926 INFO: errors [in /root/flask/src/beauty/beauty-in-arsdale/app/__init__.py:32]
2014-03-29 13:01:00,055 INFO: errors [in /root/flask/src/beauty/beauty-in-arsdale/app/__init__.py:32]
2014-03-29 13:01:02,132 INFO: errors [in /root/flask/src/beauty/beauty-in-arsdale/app/__init__.py:32]
2014-03-29 13:01:20,001 INFO: errors [in /root/flask/src/beauty/beauty-in-arsdale/app/__init__.py:32]
2014-03-29 13:02:54,136 INFO: errors [in /root/flask/src/beauty/beauty-in-arsdale/app/__init__.py:32]
2014-03-29 13:04:07,407 INFO: errors [in /root/flask/src/beauty/beauty-in-arsdale/app/__init__.py:32]
2014-03-29 13:04:19,478 INFO: errors [in /root/flask/src/beauty/beauty-in-arsdale/app/__init__.py:32]
2014-03-29 13:04:23,962 INFO: errors [in /root/flask/src/beauty/beauty-in-arsdale/app/__init__.py:32]
2014-03-29 13:04:50,950 INFO: errors [in /root/flask/src/beauty/beauty-in-arsdale/app/__init__.py:32]
2014-03-29 13:04:52,550 INFO: errors [in /root/flask/src/beauty/beauty-in-arsdale/app/__init__.py:32]
2014-03-29 13:06:34,358 INFO: errors [in /root/flask/src/beauty/beauty-in-arsdale/app/__init__.py:32]
2014-03-29 13:07:32,245 INFO: errors [in /root/flask/src/beauty/beauty-in-arsdale/app/__init__.py:32]
2014-03-29 13:08:09,040 INFO: errors [in /root/flask/src/beauty/beauty-in-arsdale/app/__init__.py:32]
2014-03-29 13:08:17,814 INFO: errors [in /root/flask/src/beauty/beauty-in-arsdale/app/__init__.py:32]
2014-03-29 13:08:30,655 INFO: errors [in /root/flask/src/beauty/beauty-in-arsdale/app/__init__.py:32]
2014-03-29 13:08:42,496 INFO: errors [in /root/flask/src/beauty/beauty-in-arsdale/app/__init__.py:32]
2014-03-29 13:09:42,318 INFO: errors [in /root/flask/src/beauty/beauty-in-arsdale/app/__init__.py:32]
2014-03-29 13:09:55,946 INFO: errors [in /root/flask/src/beauty/beauty-in-arsdale/app/__init__.py:32]
2014-03-29 13:10:07,629 INFO: errors [in /root/flask/src/beauty/beauty-in-arsdale/app/__init__.py:32]
2014-03-29 13:10:14,345 INFO: errors [in /root/flask/src/beauty/beauty-in-arsdale/app/__init__.py:32]
2014-03-29 13:11:54,706 INFO: errors [in /root/flask/src/beauty/beauty-in-arsdale/app/__init__.py:32]
2014-03-29 13:12:18,485 INFO: errors [in /root/flask/src/beauty/beauty-in-arsdale/app/__init__.py:32]
2014-03-29 13:12:21,444 INFO: errors [in /root/flask/src/beauty/beauty-in-arsdale/app/__init__.py:32]
2014-03-29 13:13:00,370 INFO: errors [in /root/flask/src/beauty/beauty-in-arsdale/app/__init__.py:32]
2014-03-29 13:18:20,126 INFO: errors [in /root/flask/src/beauty/beauty-in-arsdale/app/__init__.py:32]
2014-03-29 13:34:59,484 INFO: errors [in /root/flask/src/beauty/beauty-in-arsdale/app/__init__.py:32]
2014-03-29 13:35:07,012 INFO: errors [in /root/flask/src/beauty/beauty-in-arsdale/app/__init__.py:32]
2014-03-29 13:51:38,439 INFO: errors [in /root/flask/src/beauty/beauty-in-arsdale/app/__init__.py:32]
2014-03-29 13:51:39,626 INFO: errors [in /root/flask/src/beauty/beauty-in-arsdale/app/__init__.py:32]
2014-03-29 13:52:22,885 INFO: errors [in /root/flask/src/beauty/beauty-in-arsdale/app/__init__.py:32]
2014-03-29 13:53:04,983 INFO: errors [in /root/flask/src/beauty/beauty-in-arsdale/app/__init__.py:32]
2014-03-29 14:53:00,794 INFO: errors [in /root/flask/src/beauty/beauty-in-arsdale/app/__init__.py:32]
2014-03-31 18:57:40,415 INFO: errors [in /root/flask/src/beauty/beauty-in-arsdale/app/__init__.py:32]
2014-03-31 18:58:26,256 INFO: errors [in /root/flask/src/beauty/beauty-in-arsdale/app/__init__.py:32]
2014-03-31 18:58:49,318 INFO: errors [in /root/flask/src/beauty/beauty-in-arsdale/app/__init__.py:32]
2014-03-31 18:58:59,203 INFO: errors [in /root/flask/src/beauty/beauty-in-arsdale/app/__init__.py:32]
2014-03-31 19:01:11,516 INFO: errors [in /root/flask/src/beauty/beauty-in-arsdale/app/__init__.py:32]
2014-03-31 19:01:38,041 INFO: errors [in /root/flask/src/beauty/beauty-in-arsdale/app/__init__.py:32]
2014-03-31 19:02:30,368 INFO: errors [in /root/flask/src/beauty/beauty-in-arsdale/app/__init__.py:32]
2014-03-31 19:40:41,687 INFO: errors [in /root/flask/src/beauty/beauty-in-arsdale/app/__init__.py:32]
2014-03-31 19:40:46,773 INFO: errors [in /root/flask/src/beauty/beauty-in-arsdale/app/__init__.py:32]
2014-03-31 19:40:50,810 INFO: errors [in /root/flask/src/beauty/beauty-in-arsdale/app/__init__.py:32]
2014-03-31 19:40:57,579 INFO: errors [in /root/flask/src/beauty/beauty-in-arsdale/app/__init__.py:32]
2014-03-31 19:41:04,219 INFO: errors [in /root/flask/src/beauty/beauty-in-arsdale/app/__init__.py:32]
2014-03-31 19:41:06,287 INFO: errors [in /root/flask/src/beauty/beauty-in-arsdale/app/__init__.py:32]
2014-03-31 19:41:48,390 INFO: errors [in /root/flask/src/beauty/beauty-in-arsdale/app/__init__.py:32]
2014-03-31 19:42:00,993 INFO: errors [in /root/flask/src/beauty/beauty-in-arsdale/app/__init__.py:32]
2014-03-31 19:43:23,077 INFO: errors [in /root/flask/src/beauty/beauty-in-arsdale/app/__init__.py:32]
2014-03-31 19:44:03,934 INFO: errors [in /root/flask/src/beauty/beauty-in-arsdale/app/__init__.py:32]
2014-03-31 19:44:24,661 INFO: errors [in /root/flask/src/beauty/beauty-in-arsdale/app/__init__.py:32]
2014-03-31 19:44:46,415 INFO: errors [in /root/flask/src/beauty/beauty-in-arsdale/app/__init__.py:32]
2014-03-31 19:48:27,368 INFO: errors [in /root/flask/src/beauty/beauty-in-arsdale/app/__init__.py:32]
2014-03-31 19:50:06,741 INFO: errors [in /root/flask/src/beauty/beauty-in-arsdale/app/__init__.py:32]
2014-03-31 19:50:54,633 INFO: errors [in /root/flask/src/beauty/beauty-in-arsdale/app/__init__.py:32]
2014-03-31 19:53:25,522 INFO: errors [in /root/flask/src/beauty/beauty-in-arsdale/app/__init__.py:32]
2014-03-31 19:53:27,183 INFO: errors [in /root/flask/src/beauty/beauty-in-arsdale/app/__init__.py:32]
2014-03-31 19:53:53,017 INFO: errors [in /root/flask/src/beauty/beauty-in-arsdale/app/__init__.py:32]
2014-03-31 19:55:12,096 INFO: errors [in /root/flask/src/beauty/beauty-in-arsdale/app/__init__.py:32]
2014-03-31 19:56:03,064 INFO: errors [in /root/flask/src/beauty/beauty-in-arsdale/app/__init__.py:32]
2014-03-31 20:03:03,287 INFO: errors [in /root/flask/src/beauty/beauty-in-arsdale/app/__init__.py:32]
2014-03-31 20:03:09,898 INFO: errors [in /root/flask/src/beauty/beauty-in-arsdale/app/__init__.py:32]
2014-03-31 20:03:24,710 INFO: errors [in /root/flask/src/beauty/beauty-in-arsdale/app/__init__.py:32]
2014-03-31 20:03:30,619 INFO: errors [in /root/flask/src/beauty/beauty-in-arsdale/app/__init__.py:32]
2014-03-31 20:03:55,370 INFO: errors [in /root/flask/src/beauty/beauty-in-arsdale/app/__init__.py:32]
2014-03-31 20:04:43,276 INFO: errors [in /root/flask/src/beauty/beauty-in-arsdale/app/__init__.py:32]
2014-03-31 20:05:07,115 INFO: errors [in /root/flask/src/beauty/beauty-in-arsdale/app/__init__.py:32]
2014-03-31 20:05:32,865 INFO: errors [in /root/flask/src/beauty/beauty-in-arsdale/app/__init__.py:32]
2014-03-31 20:05:35,371 INFO: errors [in /root/flask/src/beauty/beauty-in-arsdale/app/__init__.py:32]
2014-03-31 20:05:45,961 INFO: errors [in /root/flask/src/beauty/beauty-in-arsdale/app/__init__.py:32]
2014-03-31 20:06:49,087 INFO: errors [in /root/flask/src/beauty/beauty-in-arsdale/app/__init__.py:32]
2014-03-31 20:06:50,587 INFO: errors [in /root/flask/src/beauty/beauty-in-arsdale/app/__init__.py:32]
2014-03-31 20:07:40,678 INFO: errors [in /root/flask/src/beauty/beauty-in-arsdale/app/__init__.py:32]
2014-03-31 20:11:57,914 INFO: errors [in /root/flask/src/beauty/beauty-in-arsdale/app/__init__.py:32]
2014-03-31 20:12:09,723 INFO: errors [in /root/flask/src/beauty/beauty-in-arsdale/app/__init__.py:32]
2014-03-31 20:12:21,370 INFO: errors [in /root/flask/src/beauty/beauty-in-arsdale/app/__init__.py:32]
2014-03-31 20:12:41,081 INFO: errors [in /root/flask/src/beauty/beauty-in-arsdale/app/__init__.py:32]
2014-03-31 20:13:47,026 INFO: errors [in /root/flask/src/beauty/beauty-in-arsdale/app/__init__.py:32]
2014-03-31 20:14:19,748 INFO: errors [in /root/flask/src/beauty/beauty-in-arsdale/app/__init__.py:32]
2014-03-31 20:14:39,324 INFO: errors [in /root/flask/src/beauty/beauty-in-arsdale/app/__init__.py:32]
2014-03-31 20:15:09,972 INFO: errors [in /root/flask/src/beauty/beauty-in-arsdale/app/__init__.py:32]
2014-03-31 20:15:57,926 INFO: errors [in /root/flask/src/beauty/beauty-in-arsdale/app/__init__.py:32]
2014-03-31 20:16:07,573 INFO: errors [in /root/flask/src/beauty/beauty-in-arsdale/app/__init__.py:32]
2014-03-31 20:16:18,270 INFO: errors [in /root/flask/src/beauty/beauty-in-arsdale/app/__init__.py:32]
2014-03-31 20:16:56,149 INFO: errors [in /root/flask/src/beauty/beauty-in-arsdale/app/__init__.py:32]
2014-03-31 20:17:38,110 INFO: errors [in /root/flask/src/beauty/beauty-in-arsdale/app/__init__.py:32]
2014-03-31 20:23:11,871 INFO: errors [in /root/flask/src/beauty/beauty-in-arsdale/app/__init__.py:32]
2014-03-31 20:23:45,640 INFO: errors [in /root/flask/src/beauty/beauty-in-arsdale/app/__init__.py:32]
2014-03-31 20:24:05,253 INFO: errors [in /root/flask/src/beauty/beauty-in-arsdale/app/__init__.py:32]
2014-03-31 20:24:31,969 INFO: errors [in /root/flask/src/beauty/beauty-in-arsdale/app/__init__.py:32]
2014-03-31 20:25:44,022 INFO: errors [in /root/flask/src/beauty/beauty-in-arsdale/app/__init__.py:32]
2014-03-31 20:30:41,689 INFO: errors [in /root/flask/src/beauty/beauty-in-arsdale/app/__init__.py:32]
2014-03-31 20:31:19,548 INFO: errors [in /root/flask/src/beauty/beauty-in-arsdale/app/__init__.py:32]
2014-03-31 20:31:44,221 INFO: errors [in /root/flask/src/beauty/beauty-in-arsdale/app/__init__.py:32]
2014-03-31 20:31:52,817 INFO: errors [in /root/flask/src/beauty/beauty-in-arsdale/app/__init__.py:32]
2014-03-31 20:33:28,958 INFO: errors [in /root/flask/src/beauty/beauty-in-arsdale/app/__init__.py:32]
2014-03-31 20:39:03,824 INFO: errors [in /root/flask/src/beauty/beauty-in-arsdale/app/__init__.py:32]
2014-03-31 20:39:07,511 INFO: errors [in /root/flask/src/beauty/beauty-in-arsdale/app/__init__.py:32]
2014-03-31 20:40:59,720 INFO: errors [in /root/flask/src/beauty/beauty-in-arsdale/app/__init__.py:32]
2014-03-31 20:41:20,554 INFO: errors [in /root/flask/src/beauty/beauty-in-arsdale/app/__init__.py:32]
2014-03-31 20:42:12,701 INFO: errors [in /root/flask/src/beauty/beauty-in-arsdale/app/__init__.py:32]
2014-03-31 20:42:32,419 INFO: errors [in /root/flask/src/beauty/beauty-in-arsdale/app/__init__.py:32]
2014-03-31 20:43:44,146 INFO: errors [in /root/flask/src/beauty/beauty-in-arsdale/app/__init__.py:32]
2014-03-31 20:43:45,543 INFO: errors [in /root/flask/src/beauty/beauty-in-arsdale/app/__init__.py:32]
2014-03-31 20:44:51,517 INFO: errors [in /root/flask/src/beauty/beauty-in-arsdale/app/__init__.py:32]
2014-03-31 20:45:01,006 INFO: errors [in /root/flask/src/beauty/beauty-in-arsdale/app/__init__.py:32]
2014-03-31 20:45:27,451 INFO: errors [in /root/flask/src/beauty/beauty-in-arsdale/app/__init__.py:32]
2014-03-31 20:45:28,936 INFO: errors [in /root/flask/src/beauty/beauty-in-arsdale/app/__init__.py:32]
2014-03-31 20:45:47,882 INFO: errors [in /root/flask/src/beauty/beauty-in-arsdale/app/__init__.py:32]
2014-03-31 20:46:18,743 INFO: errors [in /root/flask/src/beauty/beauty-in-arsdale/app/__init__.py:32]
2014-03-31 21:01:00,563 INFO: errors [in /root/flask/src/beauty/beauty-in-arsdale/app/__init__.py:32]
2014-03-31 21:01:01,986 INFO: errors [in /root/flask/src/beauty/beauty-in-arsdale/app/__init__.py:32]
2014-03-31 21:01:13,729 INFO: errors [in /root/flask/src/beauty/beauty-in-arsdale/app/__init__.py:32]
2014-03-31 21:01:32,565 INFO: errors [in /root/flask/src/beauty/beauty-in-arsdale/app/__init__.py:32]
2014-03-31 21:02:13,926 INFO: errors [in /root/flask/src/beauty/beauty-in-arsdale/app/__init__.py:32]
2014-03-31 21:02:15,203 INFO: errors [in /root/flask/src/beauty/beauty-in-arsdale/app/__init__.py:32]
2014-03-31 21:02:51,080 INFO: errors [in /root/flask/src/beauty/beauty-in-arsdale/app/__init__.py:32]
2014-03-31 21:02:59,508 INFO: errors [in /root/flask/src/beauty/beauty-in-arsdale/app/__init__.py:32]
2014-03-31 21:03:00,688 INFO: errors [in /root/flask/src/beauty/beauty-in-arsdale/app/__init__.py:32]
2014-03-31 21:05:16,190 INFO: errors [in /root/flask/src/beauty/beauty-in-arsdale/app/__init__.py:32]
2014-03-31 21:10:19,771 INFO: errors [in /root/flask/src/beauty/beauty-in-arsdale/app/__init__.py:32]
2014-03-31 21:11:10,647 INFO: errors [in /root/flask/src/beauty/beauty-in-arsdale/app/__init__.py:32]
2014-03-31 21:11:41,535 INFO: errors [in /root/flask/src/beauty/beauty-in-arsdale/app/__init__.py:32]
2014-03-31 21:15:25,709 INFO: errors [in /root/flask/src/beauty/beauty-in-arsdale/app/__init__.py:32]
2014-03-31 21:16:54,876 INFO: errors [in /root/flask/src/beauty/beauty-in-arsdale/app/__init__.py:32]
2014-03-31 21:17:32,740 INFO: errors [in /root/flask/src/beauty/beauty-in-arsdale/app/__init__.py:32]
2014-03-31 21:17:42,577 INFO: errors [in /root/flask/src/beauty/beauty-in-arsdale/app/__init__.py:32]
2014-03-31 21:18:00,476 INFO: errors [in /root/flask/src/beauty/beauty-in-arsdale/app/__init__.py:32]
2014-03-31 21:18:36,356 INFO: errors [in /root/flask/src/beauty/beauty-in-arsdale/app/__init__.py:32]
2014-03-31 21:18:40,049 INFO: errors [in /root/flask/src/beauty/beauty-in-arsdale/app/__init__.py:32]
2014-03-31 21:19:01,739 INFO: errors [in /root/flask/src/beauty/beauty-in-arsdale/app/__init__.py:32]
2014-03-31 21:19:14,616 INFO: errors [in /root/flask/src/beauty/beauty-in-arsdale/app/__init__.py:32]
2014-03-31 21:19:43,602 INFO: errors [in /root/flask/src/beauty/beauty-in-arsdale/app/__init__.py:32]
2014-03-31 21:25:04,373 INFO: errors [in /root/flask/src/beauty/beauty-in-arsdale/app/__init__.py:32]
2014-03-31 21:25:40,235 INFO: errors [in /root/flask/src/beauty/beauty-in-arsdale/app/__init__.py:32]
2014-03-31 21:25:41,743 INFO: errors [in /root/flask/src/beauty/beauty-in-arsdale/app/__init__.py:32]
2014-03-31 21:26:23,458 INFO: errors [in /root/flask/src/beauty/beauty-in-arsdale/app/__init__.py:32]
2014-03-31 21:27:36,578 INFO: errors [in /root/flask/src/beauty/beauty-in-arsdale/app/__init__.py:32]
2014-03-31 21:27:52,172 INFO: errors [in /root/flask/src/beauty/beauty-in-arsdale/app/__init__.py:32]
2014-03-31 21:29:18,372 INFO: errors [in /root/flask/src/beauty/beauty-in-arsdale/app/__init__.py:32]
2014-03-31 21:29:29,105 INFO: errors [in /root/flask/src/beauty/beauty-in-arsdale/app/__init__.py:32]
2014-03-31 21:33:23,311 INFO: errors [in /root/flask/src/beauty/beauty-in-arsdale/app/__init__.py:32]
2014-03-31 21:33:58,994 INFO: errors [in /root/flask/src/beauty/beauty-in-arsdale/app/__init__.py:32]
2014-03-31 21:34:05,505 INFO: errors [in /root/flask/src/beauty/beauty-in-arsdale/app/__init__.py:32]
2014-03-31 21:34:24,344 INFO: errors [in /root/flask/src/beauty/beauty-in-arsdale/app/__init__.py:32]
2014-03-31 21:34:50,998 INFO: errors [in /root/flask/src/beauty/beauty-in-arsdale/app/__init__.py:32]
2014-03-31 21:35:01,606 INFO: errors [in /root/flask/src/beauty/beauty-in-arsdale/app/__init__.py:32]
2014-03-31 21:35:07,093 INFO: errors [in /root/flask/src/beauty/beauty-in-arsdale/app/__init__.py:32]
2014-03-31 21:35:20,574 INFO: errors [in /root/flask/src/beauty/beauty-in-arsdale/app/__init__.py:32]
2014-03-31 21:35:30,152 INFO: errors [in /root/flask/src/beauty/beauty-in-arsdale/app/__init__.py:32]
2014-03-31 21:37:21,468 INFO: errors [in /root/flask/src/beauty/beauty-in-arsdale/app/__init__.py:32]
2014-03-31 21:42:08,829 INFO: errors [in /root/flask/src/beauty/beauty-in-arsdale/app/__init__.py:32]
2014-03-31 21:42:45,552 INFO: errors [in /root/flask/src/beauty/beauty-in-arsdale/app/__init__.py:32]
2014-03-31 21:49:30,010 INFO: errors [in /root/flask/src/beauty/beauty-in-arsdale/app/__init__.py:32]
2014-03-31 21:50:08,681 INFO: errors [in /root/flask/src/beauty/beauty-in-arsdale/app/__init__.py:32]
2014-03-31 21:51:45,407 INFO: errors [in /root/flask/src/beauty/beauty-in-arsdale/app/__init__.py:32]
2014-03-31 21:51:46,789 INFO: errors [in /root/flask/src/beauty/beauty-in-arsdale/app/__init__.py:32]
2014-03-31 22:01:30,739 INFO: errors [in /root/flask/src/beauty/beauty-in-arsdale/app/__init__.py:32]
2014-03-31 22:08:56,967 INFO: errors [in /root/flask/src/beauty/beauty-in-arsdale/app/__init__.py:32]
2014-03-31 22:09:26,714 INFO: errors [in /root/flask/src/beauty/beauty-in-arsdale/app/__init__.py:32]
2014-03-31 22:10:08,569 INFO: errors [in /root/flask/src/beauty/beauty-in-arsdale/app/__init__.py:32]
2014-03-31 22:16:10,456 INFO: errors [in /root/flask/src/beauty/beauty-in-arsdale/app/__init__.py:32]
2014-03-31 22:18:49,897 INFO: errors [in /root/flask/src/beauty/beauty-in-arsdale/app/__init__.py:32]
2014-03-31 22:19:44,119 INFO: errors [in /root/flask/src/beauty/beauty-in-arsdale/app/__init__.py:32]
2014-03-31 22:19:45,386 INFO: errors [in /root/flask/src/beauty/beauty-in-arsdale/app/__init__.py:32]
2014-03-31 22:20:02,144 INFO: errors [in /root/flask/src/beauty/beauty-in-arsdale/app/__init__.py:32]
2014-03-31 22:20:30,926 INFO: errors [in /root/flask/src/beauty/beauty-in-arsdale/app/__init__.py:32]
2014-03-31 22:22:38,424 INFO: errors [in /root/flask/src/beauty/beauty-in-arsdale/app/__init__.py:32]
2014-03-31 22:23:07,278 INFO: errors [in /root/flask/src/beauty/beauty-in-arsdale/app/__init__.py:32]
2014-03-31 22:24:27,379 INFO: errors [in /root/flask/src/beauty/beauty-in-arsdale/app/__init__.py:32]
2014-03-31 22:25:21,290 INFO: errors [in /root/flask/src/beauty/beauty-in-arsdale/app/__init__.py:32]
2014-03-31 22:26:09,357 INFO: errors [in /root/flask/src/beauty/beauty-in-arsdale/app/__init__.py:32]
2014-03-31 22:28:01,981 INFO: errors [in /root/flask/src/beauty/beauty-in-arsdale/app/__init__.py:32]
2014-03-31 22:28:36,811 INFO: errors [in /root/flask/src/beauty/beauty-in-arsdale/app/__init__.py:32]
2014-03-31 22:29:45,646 INFO: errors [in /root/flask/src/beauty/beauty-in-arsdale/app/__init__.py:32]
2014-03-31 22:30:47,585 INFO: errors [in /root/flask/src/beauty/beauty-in-arsdale/app/__init__.py:32]
2014-03-31 22:32:15,796 INFO: errors [in /root/flask/src/beauty/beauty-in-arsdale/app/__init__.py:32]
2014-03-31 22:32:59,747 INFO: errors [in /root/flask/src/beauty/beauty-in-arsdale/app/__init__.py:32]
2014-03-31 22:33:19,504 INFO: errors [in /root/flask/src/beauty/beauty-in-arsdale/app/__init__.py:32]
2014-03-31 22:35:41,053 INFO: errors [in /root/flask/src/beauty/beauty-in-arsdale/app/__init__.py:32]
2014-03-31 22:35:42,537 INFO: errors [in /root/flask/src/beauty/beauty-in-arsdale/app/__init__.py:32]
2014-03-31 22:35:58,373 INFO: errors [in /root/flask/src/beauty/beauty-in-arsdale/app/__init__.py:32]
2014-03-31 22:36:17,050 INFO: errors [in /root/flask/src/beauty/beauty-in-arsdale/app/__init__.py:32]
2014-03-31 22:37:05,934 INFO: errors [in /root/flask/src/beauty/beauty-in-arsdale/app/__init__.py:32]
2014-03-31 22:37:15,659 INFO: errors [in /root/flask/src/beauty/beauty-in-arsdale/app/__init__.py:32]
2014-03-31 22:37:27,296 INFO: errors [in /root/flask/src/beauty/beauty-in-arsdale/app/__init__.py:32]
2014-03-31 22:37:57,035 INFO: errors [in /root/flask/src/beauty/beauty-in-arsdale/app/__init__.py:32]
2014-03-31 22:38:02,709 INFO: errors [in /root/flask/src/beauty/beauty-in-arsdale/app/__init__.py:32]
2014-03-31 22:38:14,346 INFO: errors [in /root/flask/src/beauty/beauty-in-arsdale/app/__init__.py:32]
2014-03-31 22:38:22,903 INFO: errors [in /root/flask/src/beauty/beauty-in-arsdale/app/__init__.py:32]
2014-03-31 22:38:31,406 INFO: errors [in /root/flask/src/beauty/beauty-in-arsdale/app/__init__.py:32]
2014-03-31 22:39:08,239 INFO: errors [in /root/flask/src/beauty/beauty-in-arsdale/app/__init__.py:32]
2014-03-31 22:39:09,629 INFO: errors [in /root/flask/src/beauty/beauty-in-arsdale/app/__init__.py:32]
2014-03-31 22:39:41,587 INFO: errors [in /root/flask/src/beauty/beauty-in-arsdale/app/__init__.py:32]
2014-03-31 22:40:15,574 INFO: errors [in /root/flask/src/beauty/beauty-in-arsdale/app/__init__.py:32]
2014-03-31 22:40:21,108 INFO: errors [in /root/flask/src/beauty/beauty-in-arsdale/app/__init__.py:32]
